[    0.000000] Linux version 4.15.0-70-generic (buildd@lgw01-amd64-055) (gcc version 7.4.0 (Ubuntu 7.4.0-1ubuntu1~18.04.1)) #79-Ubuntu SMP Tue Nov 12 10:36:11 UTC 2019 (Ubuntu 4.15.0-70.79-generic 4.15.18)
[    0.000000] Command line: BOOT_IMAGE=/boot/vmlinuz-4.15.0-70-generic root=LABEL=cloudimg-rootfs ro console=tty1 console=ttyS0
[    0.000000] KERNEL supported cpus:
[    0.000000]   Intel GenuineIntel
[    0.000000]   AMD AuthenticAMD
[    0.000000]   Centaur CentaurHauls
[    0.000000] x86/fpu: Supporting XSAVE feature 0x001: 'x87 floating point registers'
[    0.000000] x86/fpu: Supporting XSAVE feature 0x002: 'SSE registers'
[    0.000000] x86/fpu: Supporting XSAVE feature 0x004: 'AVX registers'
[    0.000000] x86/fpu: xstate_offset[2]:  576, xstate_sizes[2]:  256
[    0.000000] x86/fpu: Enabled xstate features 0x7, context size is 832 bytes, using 'standard' format.
[    0.000000] e820: BIOS-provided physical RAM map:
[    0.000000] BIOS-e820: [mem 0x0000000000000000-0x000000000009fbff] usable
[    0.000000] BIOS-e820: [mem 0x000000000009fc00-0x000000000009ffff] reserved
[    0.000000] BIOS-e820: [mem 0x00000000000f0000-0x00000000000fffff] reserved
[    0.000000] BIOS-e820: [mem 0x0000000000100000-0x000000003ffeffff] usable
[    0.000000] BIOS-e820: [mem 0x000000003fff0000-0x000000003fffffff] ACPI data
[    0.000000] BIOS-e820: [mem 0x00000000fec00000-0x00000000fec00fff] reserved
[    0.000000] BIOS-e820: [mem 0x00000000fee00000-0x00000000fee00fff] reserved
[    0.000000] BIOS-e820: [mem 0x00000000fffc0000-0x00000000ffffffff] reserved
[    0.000000] NX (Execute Disable) protection: active
[    0.000000] SMBIOS 2.5 present.
[    0.000000] DMI: innotek GmbH VirtualBox/VirtualBox, BIOS VirtualBox 12/01/2006
[    0.000000] Hypervisor detected: KVM
[    0.000000] e820: last_pfn = 0x3fff0 max_arch_pfn = 0x400000000
[    0.000000] MTRR: Disabled
[    0.000000] x86/PAT: MTRRs disabled, skipping PAT initialization too.
[    0.000000] CPU MTRRs all blank - virtualized system.
[    0.000000] x86/PAT: Configuration [0-7]: WB  WT  UC- UC  WB  WT  UC- UC  
[    0.000000] found SMP MP-table at [mem 0x0009fff0-0x0009ffff]
[    0.000000] Scanning 1 areas for low memory corruption
[    0.000000] RAMDISK: [mem 0x35a89000-0x36d3bfff]
[    0.000000] ACPI: Early table checksum verification disabled
[    0.000000] ACPI: RSDP 0x00000000000E0000 000024 (v02 VBOX  )
[    0.000000] ACPI: XSDT 0x000000003FFF0030 00003C (v01 VBOX   VBOXXSDT 00000001 ASL  00000061)
[    0.000000] ACPI: FACP 0x000000003FFF00F0 0000F4 (v04 VBOX   VBOXFACP 00000001 ASL  00000061)
[    0.000000] ACPI: DSDT 0x000000003FFF0470 0022EA (v02 VBOX   VBOXBIOS 00000002 INTL 20100528)
[    0.000000] ACPI: FACS 0x000000003FFF0200 000040
[    0.000000] ACPI: FACS 0x000000003FFF0200 000040
[    0.000000] ACPI: APIC 0x000000003FFF0240 00005C (v02 VBOX   VBOXAPIC 00000001 ASL  00000061)
[    0.000000] ACPI: SSDT 0x000000003FFF02A0 0001CC (v01 VBOX   VBOXCPUT 00000002 INTL 20100528)
[    0.000000] No NUMA configuration found
[    0.000000] Faking a node at [mem 0x0000000000000000-0x000000003ffeffff]
[    0.000000] NODE_DATA(0) allocated [mem 0x3ffc5000-0x3ffeffff]
[    0.000000] kvm-clock: cpu 0, msr 0:3ff44001, primary cpu clock
[    0.000000] kvm-clock: Using msrs 4b564d01 and 4b564d00
[    0.000000] kvm-clock: using sched offset of 7667955929 cycles
[    0.000000] clocksource: kvm-clock: mask: 0xffffffffffffffff max_cycles: 0x1cd42e4dffb, max_idle_ns: 881590591483 ns
[    0.000000] Zone ranges:
[    0.000000]   DMA      [mem 0x0000000000001000-0x0000000000ffffff]
[    0.000000]   DMA32    [mem 0x0000000001000000-0x000000003ffeffff]
[    0.000000]   Normal   empty
[    0.000000]   Device   empty
[    0.000000] Movable zone start for each node
[    0.000000] Early memory node ranges
[    0.000000]   node   0: [mem 0x0000000000001000-0x000000000009efff]
[    0.000000]   node   0: [mem 0x0000000000100000-0x000000003ffeffff]
[    0.000000] Reserved but unavailable: 98 pages
[    0.000000] Initmem setup node 0 [mem 0x0000000000001000-0x000000003ffeffff]
[    0.000000] ACPI: PM-Timer IO Port: 0x4008
[    0.000000] IOAPIC[0]: apic_id 2, version 32, address 0xfec00000, GSI 0-23
[    0.000000] ACPI: INT_SRC_OVR (bus 0 bus_irq 0 global_irq 2 dfl dfl)
[    0.000000] ACPI: INT_SRC_OVR (bus 0 bus_irq 9 global_irq 9 low level)
[    0.000000] Using ACPI (MADT) for SMP configuration information
[    0.000000] smpboot: Allowing 2 CPUs, 0 hotplug CPUs
[    0.000000] PM: Registered nosave memory: [mem 0x00000000-0x00000fff]
[    0.000000] PM: Registered nosave memory: [mem 0x0009f000-0x0009ffff]
[    0.000000] PM: Registered nosave memory: [mem 0x000a0000-0x000effff]
[    0.000000] PM: Registered nosave memory: [mem 0x000f0000-0x000fffff]
[    0.000000] e820: [mem 0x40000000-0xfebfffff] available for PCI devices
[    0.000000] Booting paravirtualized kernel on KVM
[    0.000000] clocksource: refined-jiffies: mask: 0xffffffff max_cycles: 0xffffffff, max_idle_ns: 7645519600211568 ns
[    0.000000] random: get_random_bytes called from start_kernel+0x99/0x4fd with crng_init=0
[    0.000000] setup_percpu: NR_CPUS:8192 nr_cpumask_bits:2 nr_cpu_ids:2 nr_node_ids:1
[    0.000000] percpu: Embedded 45 pages/cpu s147456 r8192 d28672 u1048576
[    0.000000] PV qspinlock hash table entries: 256 (order: 0, 4096 bytes)
[    0.000000] Built 1 zonelists, mobility grouping on.  Total pages: 257913
[    0.000000] Policy zone: DMA32
[    0.000000] Kernel command line: BOOT_IMAGE=/boot/vmlinuz-4.15.0-70-generic root=LABEL=cloudimg-rootfs ro console=tty1 console=ttyS0
[    0.000000] Memory: 983440K/1048120K available (12300K kernel code, 2481K rwdata, 4264K rodata, 2432K init, 2388K bss, 64680K reserved, 0K cma-reserved)
[    0.000000] SLUB: HWalign=64, Order=0-3, MinObjects=0, CPUs=2, Nodes=1
[    0.000000] Kernel/User page tables isolation: enabled
[    0.000000] ftrace: allocating 39315 entries in 154 pages
[    0.004000] Hierarchical RCU implementation.
[    0.004000] 	RCU restricting CPUs from NR_CPUS=8192 to nr_cpu_ids=2.
[    0.004000] 	Tasks RCU enabled.
[    0.004000] RCU: Adjusting geometry for rcu_fanout_leaf=16, nr_cpu_ids=2
[    0.004000] NR_IRQS: 524544, nr_irqs: 440, preallocated irqs: 16
[    0.004000] Console: colour VGA+ 80x25
[    0.004000] console [tty1] enabled
[    0.004000] console [ttyS0] enabled
[    0.004000] ACPI: Core revision 20170831
[    0.004000] ACPI: 2 ACPI AML tables successfully acquired and loaded
[    0.004000] APIC: Switch to symmetric I/O mode setup
[    0.004000] x2apic enabled
[    0.004000] Switched APIC routing to physical x2apic.
[    0.004000] ..TIMER: vector=0x30 apic1=0 pin1=2 apic2=-1 pin2=-1
[    0.004004] tsc: Detected 1799.999 MHz processor
[    0.004992] Calibrating delay loop (skipped) preset value.. 3599.99 BogoMIPS (lpj=7199996)
[    0.008003] pid_max: default: 32768 minimum: 301
[    0.009078] Security Framework initialized
[    0.010028] Yama: becoming mindful.
[    0.011022] AppArmor: AppArmor initialized
[    0.016000] Dentry cache hash table entries: 131072 (order: 8, 1048576 bytes)
[    0.016073] Inode-cache hash table entries: 65536 (order: 7, 524288 bytes)
[    0.017488] Mount-cache hash table entries: 2048 (order: 2, 16384 bytes)
[    0.020005] Mountpoint-cache hash table entries: 2048 (order: 2, 16384 bytes)
[    0.021727] Last level iTLB entries: 4KB 64, 2MB 8, 4MB 8
[    0.024002] Last level dTLB entries: 4KB 64, 2MB 0, 4MB 0, 1GB 4
[    0.025273] Spectre V1 : Mitigation: usercopy/swapgs barriers and __user pointer sanitization
[    0.027082] Spectre V2 : Mitigation: Full generic retpoline
[    0.028000] Spectre V2 : Spectre v2 / SpectreRSB mitigation: Filling RSB on context switch
[    0.028002] Speculative Store Bypass: Vulnerable
[    0.029285] MDS: Vulnerable: Clear CPU buffers attempted, no microcode
[    0.032236] Freeing SMP alternatives memory: 36K
[    0.144067] smpboot: CPU0: Intel(R) Core(TM) i5-8250U CPU @ 1.60GHz (family: 0x6, model: 0x8e, stepping: 0xa)
[    0.146248] Performance Events: unsupported p6 CPU model 142 no PMU driver, software events only.
[    0.148000] Hierarchical SRCU implementation.
[    0.148581] NMI watchdog: Perf event create on CPU 0 failed with -2
[    0.149950] NMI watchdog: Perf NMI watchdog permanently disabled
[    0.151400] smp: Bringing up secondary CPUs ...
[    0.152081] x86: Booting SMP configuration:
[    0.153078] .... node  #0, CPUs:      #1
[    0.004000] kvm-clock: cpu 1, msr 0:3ff44041, secondary cpu clock
[    0.158785] smp: Brought up 1 node, 2 CPUs
[    0.158785] smpboot: Max logical packages: 1
[    0.160005] smpboot: Total of 2 processors activated (7199.99 BogoMIPS)
[    0.161445] devtmpfs: initialized
[    0.161445] x86/mm: Memory block size: 128MB
[    0.164177] evm: security.selinux
[    0.164959] evm: security.SMACK64
[    0.165755] evm: security.SMACK64EXEC
[    0.166582] evm: security.SMACK64TRANSMUTE
[    0.167457] evm: security.SMACK64MMAP
[    0.168002] evm: security.apparmor
[    0.168808] evm: security.ima
[    0.169660] evm: security.capability
[    0.170515] clocksource: jiffies: mask: 0xffffffff max_cycles: 0xffffffff, max_idle_ns: 7645041785100000 ns
[    0.172012] futex hash table entries: 512 (order: 3, 32768 bytes)
[    0.176000] pinctrl core: initialized pinctrl subsystem
[    0.176111] RTC time: 19:57:25, date: 11/30/19
[    0.180199] NET: Registered protocol family 16
[    0.181366] audit: initializing netlink subsys (disabled)
[    0.182551] audit: type=2000 audit(1575143854.386:1): state=initialized audit_enabled=0 res=1
[    0.184018] cpuidle: using governor ladder
[    0.184941] cpuidle: using governor menu
[    0.185796] ACPI: bus type PCI registered
[    0.186590] acpiphp: ACPI Hot Plug PCI Controller Driver version: 0.5
[    0.188171] PCI: Using configuration type 1 for base access
[    0.192061] HugeTLB registered 2.00 MiB page size, pre-allocated 0 pages
[    0.193763] ACPI: Added _OSI(Module Device)
[    0.196018] ACPI: Added _OSI(Processor Device)
[    0.197482] ACPI: Added _OSI(3.0 _SCP Extensions)
[    0.199184] ACPI: Added _OSI(Processor Aggregator Device)
[    0.200008] ACPI: Added _OSI(Linux-Dell-Video)
[    0.201632] ACPI: Added _OSI(Linux-Lenovo-NV-HDMI-Audio)
[    0.204006] ACPI: Added _OSI(Linux-HPI-Hybrid-Graphics)
[    0.205831] ACPI: Executed 1 blocks of module-level executable AML code
[    0.213341] ACPI: Interpreter enabled
[    0.214296] ACPI: (supports S0 S5)
[    0.215228] ACPI: Using IOAPIC for interrupt routing
[    0.216392] PCI: Using host bridge windows from ACPI; if necessary, use "pci=nocrs" and report a bug
[    0.218627] ACPI: Enabled 2 GPEs in block 00 to 07
[    0.227580] ACPI: PCI Root Bridge [PCI0] (domain 0000 [bus 00-ff])
[    0.228008] acpi PNP0A03:00: _OSC: OS supports [ASPM ClockPM Segments MSI]
[    0.230590] acpi PNP0A03:00: _OSC: not requesting OS control; OS requires [ExtendedConfig ASPM ClockPM MSI]
[    0.232039] acpi PNP0A03:00: fail to add MMCONFIG information, can't access extended PCI configuration space under this bridge.
[    0.236498] PCI host bridge to bus 0000:00
[    0.237298] pci_bus 0000:00: root bus resource [io  0x0000-0x0cf7 window]
[    0.240003] pci_bus 0000:00: root bus resource [io  0x0d00-0xffff window]
[    0.241225] pci_bus 0000:00: root bus resource [mem 0x000a0000-0x000bffff window]
[    0.242654] pci_bus 0000:00: root bus resource [mem 0x40000000-0xfdffffff window]
[    0.244003] pci_bus 0000:00: root bus resource [bus 00-ff]
[    0.248033] pci 0000:00:01.1: legacy IDE quirk: reg 0x10: [io  0x01f0-0x01f7]
[    0.249450] pci 0000:00:01.1: legacy IDE quirk: reg 0x14: [io  0x03f6]
[    0.250774] pci 0000:00:01.1: legacy IDE quirk: reg 0x18: [io  0x0170-0x0177]
[    0.252003] pci 0000:00:01.1: legacy IDE quirk: reg 0x1c: [io  0x0376]
[    0.271517] pci 0000:00:07.0: quirk: [io  0x4000-0x403f] claimed by PIIX4 ACPI
[    0.272020] pci 0000:00:07.0: quirk: [io  0x4100-0x410f] claimed by PIIX4 SMB
[    0.281086] ACPI: PCI Interrupt Link [LNKA] (IRQs 5 9 10 *11)
[    0.282686] ACPI: PCI Interrupt Link [LNKB] (IRQs 5 9 *10 11)
[    0.284068] ACPI: PCI Interrupt Link [LNKC] (IRQs 5 *9 10 11)
[    0.285499] ACPI: PCI Interrupt Link [LNKD] (IRQs 5 9 10 *11)
[    0.287103] SCSI subsystem initialized
[    0.288053] pci 0000:00:02.0: vgaarb: setting as boot VGA device
[    0.289286] pci 0000:00:02.0: vgaarb: VGA device added: decodes=io+mem,owns=io+mem,locks=none
[    0.291069] pci 0000:00:02.0: vgaarb: bridge control possible
[    0.292012] vgaarb: loaded
[    0.292702] ACPI: bus type USB registered
[    0.293600] usbcore: registered new interface driver usbfs
[    0.294756] usbcore: registered new interface driver hub
[    0.296024] usbcore: registered new device driver usb
[    0.297172] EDAC MC: Ver: 3.0.0
[    0.297172] PCI: Using ACPI for IRQ routing
[    0.300300] NetLabel: Initializing
[    0.301105] NetLabel:  domain hash size = 128
[    0.301975] NetLabel:  protocols = UNLABELED CIPSOv4 CALIPSO
[    0.303201] NetLabel:  unlabeled traffic allowed by default
[    0.304077] clocksource: Switched to clocksource kvm-clock
[    0.324792] VFS: Disk quotas dquot_6.6.0
[    0.325822] VFS: Dquot-cache hash table entries: 512 (order 0, 4096 bytes)
[    0.327345] AppArmor: AppArmor Filesystem Enabled
[    0.328444] pnp: PnP ACPI init
[    0.330293] pnp: PnP ACPI: found 3 devices
[    0.341214] clocksource: acpi_pm: mask: 0xffffff max_cycles: 0xffffff, max_idle_ns: 2085701024 ns
[    0.343313] NET: Registered protocol family 2
[    0.344474] TCP established hash table entries: 8192 (order: 4, 65536 bytes)
[    0.345958] TCP bind hash table entries: 8192 (order: 5, 131072 bytes)
[    0.350886] TCP: Hash tables configured (established 8192 bind 8192)
[    0.352268] UDP hash table entries: 512 (order: 2, 16384 bytes)
[    0.353643] UDP-Lite hash table entries: 512 (order: 2, 16384 bytes)
[    0.354980] NET: Registered protocol family 1
[    0.355950] pci 0000:00:00.0: Limiting direct PCI/PCI transfers
[    0.357304] pci 0000:00:01.0: Activating ISA DMA hang workarounds
[    0.358592] pci 0000:00:02.0: Video device with shadowed ROM at [mem 0x000c0000-0x000dffff]
[    0.360375] Unpacking initramfs...
[    0.703407] Freeing initrd memory: 19148K
[    0.704552] clocksource: tsc: mask: 0xffffffffffffffff max_cycles: 0x19f228ab7a2, max_idle_ns: 440795289252 ns
[    0.706593] platform rtc_cmos: registered platform RTC device (no PNP device found)
[    0.708226] Scanning for low memory corruption every 60 seconds
[    0.710220] Initialise system trusted keyrings
[    0.711262] Key type blacklist registered
[    0.712312] workingset: timestamp_bits=36 max_order=18 bucket_order=0
[    0.714771] zbud: loaded
[    0.715937] squashfs: version 4.0 (2009/01/31) Phillip Lougher
[    0.717465] fuse init (API version 7.26)
[    0.722034] Key type asymmetric registered
[    0.722844] Asymmetric key parser 'x509' registered
[    0.723835] Block layer SCSI generic (bsg) driver version 0.4 loaded (major 246)
[    0.725349] io scheduler noop registered
[    0.726120] io scheduler deadline registered
[    0.726977] io scheduler cfq registered (default)
[    0.728553] ACPI: AC Adapter [AC] (on-line)
[    0.729509] input: Power Button as /devices/LNXSYSTM:00/LNXPWRBN:00/input/input0
[    0.731203] ACPI: Power Button [PWRF]
[    0.732180] input: Sleep Button as /devices/LNXSYSTM:00/LNXSLPBN:00/input/input1
[    0.733586] ACPI: Sleep Button [SLPF]
[    0.734771] Serial: 8250/16550 driver, 32 ports, IRQ sharing enabled
[    0.735650] ACPI: Battery Slot [BAT0] (battery present)
[    0.757332] 00:02: ttyS0 at I/O 0x3f8 (irq = 4, base_baud = 115200) is a 16550A
[    0.760376] Linux agpgart interface v0.103
[    0.762435] loop: module loaded
[    0.763968] scsi host0: ata_piix
[    0.765184] scsi host1: ata_piix
[    0.765958] ata1: PATA max UDMA/33 cmd 0x1f0 ctl 0x3f6 bmdma 0xd000 irq 14
[    0.767474] ata2: PATA max UDMA/33 cmd 0x170 ctl 0x376 bmdma 0xd008 irq 15
[    0.769332] libphy: Fixed MDIO Bus: probed
[    0.770235] tun: Universal TUN/TAP device driver, 1.6
[    0.771355] PPP generic driver version 2.4.2
[    0.772503] ehci_hcd: USB 2.0 'Enhanced' Host Controller (EHCI) Driver
[    0.773912] ehci-pci: EHCI PCI platform driver
[    0.775002] ehci-platform: EHCI generic platform driver
[    0.776135] ohci_hcd: USB 1.1 'Open' Host Controller (OHCI) Driver
[    0.777489] ohci-pci: OHCI PCI platform driver
[    0.778496] ohci-platform: OHCI generic platform driver
[    0.779779] uhci_hcd: USB Universal Host Controller Interface driver
[    0.781222] i8042: PNP: PS/2 Controller [PNP0303:PS2K,PNP0f03:PS2M] at 0x60,0x64 irq 1,12
[    0.783570] serio: i8042 KBD port at 0x60,0x64 irq 1
[    0.784753] serio: i8042 AUX port at 0x60,0x64 irq 12
[    0.785973] mousedev: PS/2 mouse device common for all mice
[    0.997926] input: AT Translated Set 2 keyboard as /devices/platform/i8042/serio0/input/input2
[    0.999932] rtc_cmos rtc_cmos: rtc core: registered rtc_cmos as rtc0
[    1.001560] rtc_cmos rtc_cmos: alarms up to one day, 114 bytes nvram
[    1.002952] i2c /dev entries driver
[    1.003845] device-mapper: uevent: version 1.0.3
[    1.005324] device-mapper: ioctl: 4.37.0-ioctl (2017-09-20) initialised: dm-devel@redhat.com
[    1.007352] ledtrig-cpu: registered to indicate activity on CPUs
[    1.009225] NET: Registered protocol family 10
[    1.015878] Segment Routing with IPv6
[    1.016821] NET: Registered protocol family 17
[    1.018203] Key type dns_resolver registered
[    1.019588] mce: Using 0 MCE banks
[    1.020465] RAS: Correctable Errors collector initialized.
[    1.021637] sched_clock: Marking stable (1020448650, 0)->(1212048212, -191599562)
[    1.024160] registered taskstats version 1
[    1.025016] Loading compiled-in X.509 certificates
[    1.028857] Loaded X.509 cert 'Build time autogenerated kernel key: 1859b0531897959199376c446a0bd70df75fd1fc'
[    1.031438] zswap: loaded using pool lzo/zbud
[    1.037498] Key type big_key registered
[    1.038507] Key type trusted registered
[    1.041525] Key type encrypted registered
[    1.042468] AppArmor: AppArmor sha1 policy hashing enabled
[    1.043667] ima: No TPM chip found, activating TPM-bypass! (rc=-19)
[    1.045120] ima: Allocated hash algorithm: sha1
[    1.046538] evm: HMAC attrs: 0x1
[    1.047604]   Magic number: 11:744:1002
[    1.048814] rtc_cmos rtc_cmos: setting system clock to 2019-11-30 19:57:25 UTC (1575143845)
[    1.050744] BIOS EDD facility v0.16 2004-Jun-25, 0 devices found
[    1.052078] EDD information not available.
[    1.055470] Freeing unused kernel image memory: 2432K
[    1.072354] Write protecting the kernel read-only data: 20480k
[    1.074480] Freeing unused kernel image memory: 2008K
[    1.076082] Freeing unused kernel image memory: 1880K
[    1.085929] x86/mm: Checked W+X mappings: passed, no W+X pages found.
[    1.087411] x86/mm: Checking user space page tables
[    1.096541] x86/mm: Checked W+X mappings: passed, no W+X pages found.
Loading, please wait...
starting version 237
[    1.174637] e1000: Intel(R) PRO/1000 Network Driver - version 7.3.21-k8-NAPI
[    1.176194] e1000: Copyright (c) 1999-2006 Intel Corporation.
[    1.201625] Fusion MPT base driver 3.04.20
[    1.202681] Copyright (c) 1999-2008 LSI Corporation
[    1.209055] AVX2 version of gcm_enc/dec engaged.
[    1.210051] AES CTR mode by8 optimization enabled
[    1.221643] Fusion MPT SPI Host driver 3.04.20
[    1.228483] mptbase: ioc0: Initiating bringup
[    1.406151] ioc0: LSI53C1030 A0: Capabilities={Initiator}
[    1.463176] input: ImExPS/2 Generic Explorer Mouse as /devices/platform/i8042/serio1/input/input4
[   1.743484] scsi host2: ioc0: LSI53C1030 A0, FwRev=00000000h, Ports=1, MaxQ=256, IRQ=20
[    3.464210] scsi 2:0:0:0: Direct-Access     VBOX     HARDDISK         1.0  PQ: 0 ANSI: 5
[    3.644970] scsi target2:0:0: Beginning Domain Validation
[    3.649576] scsi target2:0:0: Domain Validation skipping write tests
[    3.651196] scsi target2:0:0: Ending Domain Validation
[    3.652810] scsi target2:0:0: asynchronous
[    3.654674] scsi 2:0:1:0: Direct-Access     VBOX     HARDDISK         1.0  PQ: 0 ANSI: 5
[    3.659167] e1000 0000:00:03.0 eth0: (PCI:33MHz:32-bit) 02:12:8f:b5:56:32
[    3.660667] e1000 0000:00:03.0 eth0: Intel(R) PRO/1000 Network Connection
[    3.663312] e1000 0000:00:03.0 enp0s3: renamed from eth0
[    3.685100] scsi target2:0:1: Beginning Domain Validation
[    3.688668] random: fast init done
[    3.690183] scsi target2:0:1: Domain Validation skipping write tests
[    3.691602] scsi target2:0:1: Ending Domain Validation
[    3.693075] scsi target2:0:1: asynchronous
[    3.700321] random: systemd-udevd: uninitialized urandom read (16 bytes read)
[    3.702075] random: systemd-udevd: uninitialized urandom read (16 bytes read)
[    3.704131] random: systemd-udevd: uninitialized urandom read (16 bytes read)
[    3.704487] sd 2:0:0:0: Attached scsi generic sg0 type 0
[    3.706651] sd 2:0:0:0: [sda] 20971520 512-byte logical blocks: (10.7 GB/10.0 GiB)
[    3.707246] sd 2:0:1:0: Attached scsi generic sg1 type 0
[    3.709072] sd 2:0:0:0: [sda] Write Protect is off
[    3.711847] sd 2:0:0:0: [sda] Incomplete mode parameter data
[    3.711900] sd 2:0:1:0: [sdb] 20480 512-byte logical blocks: (10.5 MB/10.0 MiB)
[    3.713270] sd 2:0:0:0: [sda] Assuming drive cache: write through
[    3.716660] sd 2:0:1:0: [sdb] Write Protect is off
[    3.718018] sd 2:0:1:0: [sdb] Incomplete mode parameter data
[    3.719236] sd 2:0:1:0: [sdb] Assuming drive cache: write through
[    3.743502]  sda: sda1
[    3.747124] sd 2:0:0:0: [sda] Attached SCSI disk
[    3.783866] sd 2:0:1:0: [sdb] Attached SCSI disk
Begin: Loading essential drivers ... [    5.452310] raid6: sse2x1   gen() 11158 MB/s
[    5.500105] raid6: sse2x1   xor()  7976 MB/s
[    5.548018] raid6: sse2x2   gen() 13190 MB/s
[    5.596832] raid6: sse2x2   xor()  9492 MB/s
[    5.644581] raid6: sse2x4   gen() 15932 MB/s
[    5.692401] raid6: sse2x4   xor()  9908 MB/s
[    5.740221] raid6: avx2x1   gen() 22941 MB/s
[    5.788062] raid6: avx2x1   xor() 15905 MB/s
[    5.836812] raid6: avx2x2   gen() 27379 MB/s
[    5.884711] raid6: avx2x2   xor() 16640 MB/s
[    5.932481] raid6: avx2x4   gen() 27787 MB/s
[    6.020324] raid6: avx2x4   xor() 13772 MB/s
[    6.021237] raid6: using algorithm avx2x4 gen() 27787 MB/s
[    6.022332] raid6: .... xor() 13772 MB/s, rmw enabled
[    6.023476] raid6: using avx2x2 recovery algorithm
[    6.025866] xor: automatically using best checksumming function   avx       
[    6.029536] async_tx: api initialized (async)
done.
Begin: Running /scripts/init-premount ... done.
Begin: Mounting root file system ... Begin: Running /scripts/local-top ... done.
Begin: Running /scripts/local-premount ... [    6.081104] Btrfs loaded, crc32c=crc32c-intel
Scanning for Btrfs filesystems
done.
Warning: fsck not present, so skipping root file system
[    6.182590] EXT4-fs (sda1): INFO: recovery required on readonly filesystem
[    6.184936] EXT4-fs (sda1): write access will be enabled during recovery
[    6.382803] EXT4-fs (sda1): recovery complete
[    6.385245] EXT4-fs (sda1): mounted filesystem with ordered data mode. Opts: (null)
done.
Begin: Running /scripts/local-bottom ... done.
Begin: Running /scripts/init-bottom ... done.
[    8.189444] ip_tables: (C) 2000-2006 Netfilter Core Team
[    8.301446] random: crng init done
[    8.302330] random: 7 urandom warning(s) missed due to ratelimiting
[    8.308056] systemd[1]: systemd 237 running in system mode. (+PAM +AUDIT +SELINUX +IMA +APPARMOR +SMACK +SYSVINIT +UTMP +LIBCRYPTSETUP +GCRYPT +GNUTLS +ACL +XZ +LZ4 +SECCOMP +BLKID +ELFUTILS +KMOD -IDN2 +IDN -PCRE2 default-hierarchy=hybrid)
[    8.312672] systemd[1]: Detected virtualization oracle.
[    8.313807] systemd[1]: Detected architecture x86-64.

Welcome to [1mUbuntu 18.04.3 LTS[0m!

[    8.353613] systemd[1]: Set hostname to <ubuntu-bionic>.
[    9.400795] systemd[1]: Reached target Swap.
[[0;32m  OK  [0m] Reached target Swap.
[    9.402329] systemd[1]: Reached target User and Group Name Lookups.
[[0;32m  OK  [0m] Reached target User and Group Name Lookups.
[    9.404485] systemd[1]: Set up automount Arbitrary Executable File Formats File System Automount Point.
[[0;32m  OK  [0m] Set up automount Arbitrary Executab…rmats File System Automount Point.
[    9.426071] systemd[1]: Reached target System Time Synchronized.
[[0;32m  OK  [0m] Reached target System Time Synchronized.
[    9.430274] systemd[1]: Created slice User and Session Slice.
[[0;32m  OK  [0m] Created slice User and Session Slice.
[    9.447505] systemd[1]: Created slice System Slice.
[[0;32m  OK  [0m] Created slice System Slice.
[[0;32m  OK  [0m] Created slice system-serial\x2dgetty.slice.
[[0;32m  OK  [0m] Listening on Syslog Socket.
[[0;32m  OK  [0m] Listening on Journal Socket.
         Mounting Kernel Debug File System...
         Mounting POSIX Message Queue File System...
[[0;32m  OK  [0m] Listening on /dev/initctl Compatibility Named Pipe.
[[0;32m  OK  [0m] Listening on Device-mapper event daemon FIFOs.
[[0;32m  OK  [0m] Listening on LVM2 poll daemon socket.
[[0;32m  OK  [0m] Listening on LVM2 metadata daemon socket.
         Mounting Huge Pages File System...
[[0;32m  OK  [0m] Listening on udev Control Socket.
         Starting Set the console keyboard layout...
[[0;32m  OK  [0m] Reached target Slices.
         Starting Load Kernel Modules...
[[0;32m  OK  [0m] Listening on Network Service Netlink Socket.
[[0;32m  OK  [0m] Listening on Journal Socket (/dev/log).
[[0;32m  OK  [0m] Started Forward Password Requests to Wall Directory Watch.
         Starting Create list of required st…ce nodes for the current kernel...
[[0;32m  OK  [0m] Listening on Journal Audit Socket.
         Starting Journal Service...
         Starting Uncomplicated firewall...
         Starting Remount Root and Kernel File Systems...
         Starting Monitoring of LVM2 mirrors…ng dmeventd or progress polling...
[[0;32m  OK  [0m] Listening on udev Kernel Socket.
         Starting udev Coldplug all Devices...
[[0;32m  OK  [0m] Mounted Kernel Debug File System.
[[0;32m  OK  [0m] Mounted POSIX Message Queue File System.
[[0;32m  OK  [0m] Mounted Huge Pages File System.
[[0;32m  OK  [0m] Started udev Coldplug all Devices.
[    9.638528] Loading iSCSI transport class v2.0-870.
[[0;32m  OK  [0m] Started Create list of required sta…vice nodes for the current kernel.
         Starting Create Static Device Nodes in /dev...
[[0;32m  OK  [0m] Started Uncomplicated firewall.
[[0;32m  OK  [0m] Started Journal Service.
[    9.845184] EXT4-fs (sda1): re-mounted. Opts: (null)
[[0;32m  OK  [0m] Started Remount Root and Kernel File Systems.
         Starting Flush Journal to Persistent Storage...
         Starting Load/Save Random Seed...
[    9.878530] iscsi: registered transport (tcp)
[[0;32m  OK  [0m] Started Load/Save Random Seed.
[   10.134981] systemd-journald[387]: Received request to flush runtime journal from PID 1
[[0;32m  OK  [0m] Started Set the console keyboard layout.
[   11.952182] iscsi: registered transport (iser)
[[0;32m  OK  [0m] Started Load Kernel Modules.
         Starting Apply Kernel Variables...
         Mounting FUSE Control File System...
         Mounting Kernel Configuration File System...
[[0;32m  OK  [0m] Mounted FUSE Control File System.
[[0;32m  OK  [0m] Mounted Kernel Configuration File System.
[[0;32m  OK  [0m] Started LVM2 metadata daemon.
[[0;32m  OK  [0m] Started Apply Kernel Variables.
[[0;32m  OK  [0m] Started Create Static Device Nodes in /dev.
         Starting udev Kernel Device Manager...
[[0;32m  OK  [0m] Started Monitoring of LVM2 mirrors,…sing dmeventd or progress polling.
[[0;32m  OK  [0m] Reached target Local File Systems (Pre).
[[0;32m  OK  [0m] Reached target Local File Systems.
         Starting Set console font and keymap...
         Starting Tell Plymouth To Write Out Runtime Data...
         Starting AppArmor initialization...
         Starting ebtables ruleset management...
[[0;32m  OK  [0m] Started Set console font and keymap.
[[0;32m  OK  [0m] Started Flush Journal to Persistent Storage.
         Starting Create Volatile Files and Directories...
[[0;32m  OK  [0m] Started Tell Plymouth To Write Out Runtime Data.
[[0;32m  OK  [0m] Started Create Volatile Files and Directories.
         Starting Update UTMP about System Boot/Shutdown...
[[0;32m  OK  [0m] Started Update UTMP about System Boot/Shutdown.
[[0;32m  OK  [0m] Started udev Kernel Device Manager.
[[0;32m  OK  [0m] Started Dispatch Password Requests to Console Directory Watch.
[[0;32m  OK  [0m] Reached target Local Encrypted Volumes.
[[0;32m  OK  [0m] Started ebtables ruleset management.
[[0;32m  OK  [0m] Found device /dev/ttyS0.
[[0;32m  OK  [0m] Listening on Load/Save RF Kill Switch Status /dev/rfkill Watch.
[[0;32m  OK  [0m] Started AppArmor initialization.
         Starting Initial cloud-init job (pre-networking)...
[   22.818341] cloud-init[523]: Cloud-init v. 19.2-36-g059d049c-0ubuntu2~18.04.1 running 'init-local' at Sat, 30 Nov 2019 19:57:46 +0000. Up 22.15 seconds.
[[0;32m  OK  [0m] Started Initial cloud-init job (pre-networking).
[[0;32m  OK  [0m] Reached target Network (Pre).
         Starting Network Service...
[[0;32m  OK  [0m] Started Network Service.
         Starting Network Name Resolution...
         Starting Wait for Network to be Configured...
[[0;32m  OK  [0m] Started Network Name Resolution.
[[0;32m  OK  [0m] Reached target Host and Network Name Lookups.
[[0;32m  OK  [0m] Reached target Network.
[[0;32m  OK  [0m] Started Wait for Network to be Configured.
         Starting Initial cloud-init job (metadata service crawler)...
[   26.045212] cloud-init[654]: Cloud-init v. 19.2-36-g059d049c-0ubuntu2~18.04.1 running 'init' at Sat, 30 Nov 2019 19:57:49 +0000. Up 25.15 seconds.
[   26.056579] cloud-init[654]: ci-info: ++++++++++++++++++++++++++++++++++++++Net device info++++++++++++++++++++++++++++++++++++++
[   26.058066] cloud-init[654]: ci-info: +--------+------+----------------------------+---------------+--------+-------------------+
[   26.059254] cloud-init[654]: ci-info: | Device |  Up  |          Address           |      Mask     | Scope  |     Hw-Address    |
[   26.060728] cloud-init[654]: ci-info: +--------+------+----------------------------+---------------+--------+-------------------+
[   26.062234] cloud-init[654]: ci-info: | enp0s3 | True |         10.0.2.15          | 255.255.255.0 | global | 02:12:8f:b5:56:32 |
[   26.063726] cloud-init[654]: ci-info: | enp0s3 | True | fe80::12:8fff:feb5:5632/64 |       .       |  link  | 02:12:8f:b5:56:32 |
[   26.065104] cloud-init[654]: ci-info: |   lo   | True |         127.0.0.1          |   255.0.0.0   |  host  |         .         |
[   26.066742] cloud-init[654]: ci-info: |   lo   | True |          ::1/128           |       .       |  host  |         .         |
[   26.068154] cloud-init[654]: ci-info: +--------+------+----------------------------+---------------+--------+-------------------+
[   26.080956] cloud-init[654]: ci-info: ++++++++++++++++++++++++++++Route IPv4 info+++++++++++++++++++++++++++++
[   26.082439] cloud-init[654]: ci-info: +-------+-------------+----------+-----------------+-----------+-------+
[   26.092968] cloud-init[654]: ci-info: | Route | Destination | Gateway  |     Genmask     | Interface | Flags |
[   26.104965] cloud-init[654]: ci-info: +-------+-------------+----------+-----------------+-----------+-------+
[   26.105996] cloud-init[654]: ci-info: |   0   |   0.0.0.0   | 10.0.2.2 |     0.0.0.0     |   enp0s3  |   UG  |
[   26.106810] cloud-init[654]: ci-info: |   1   |   10.0.2.0  | 0.0.0.0  |  255.255.255.0  |   enp0s3  |   U   |
[   26.107741] cloud-init[654]: ci-info: |   2   |   10.0.2.2  | 0.0.0.0  | 255.255.255.255 |   enp0s3  |   UH  |
[   26.109042] cloud-init[654]: ci-info: +-------+-------------+----------+-----------------+-----------+-------+
[   26.110329] cloud-init[654]: ci-info: +++++++++++++++++++Route IPv6 info+++++++++++++++++++
[   26.111377] cloud-init[654]: ci-info: +-------+-------------+---------+-----------+-------+
[   26.124549] cloud-init[654]: ci-info: | Route | Destination | Gateway | Interface | Flags |
[   26.125240] cloud-init[654]: ci-info: +-------+-------------+---------+-----------+-------+
[   26.137310] cloud-init[654]: ci-info: |   1   |  fe80::/64  |    ::   |   enp0s3  |   U   |
[   26.138423] cloud-init[654]: ci-info: |   3   |    local    |    ::   |   enp0s3  |   U   |
[   26.139295] cloud-init[654]: ci-info: |   4   |   ff00::/8  |    ::   |   enp0s3  |   U   |
[   26.139992] cloud-init[654]: ci-info: +-------+-------------+---------+-----------+-------+
[[0;32m  OK  [0m] Started Initial cloud-init job (metadata service crawler).
[[0;32m  OK  [0m] Reached target Cloud-config availability.
[[0;32m  OK  [0m] Reached target System Initialization.
[[0;32m  OK  [0m] Started ACPI Events Check.
[[0;32m  OK  [0m] Started Daily apt download activities.
[[0;32m  OK  [0m] Started Discard unused blocks once a week.
[[0;32m  OK  [0m] Started Message of the Day.
[[0;32m  OK  [0m] Reached target Paths.
[[0;32m  OK  [0m] Listening on Open-iSCSI iscsid Socket.
[[0;32m  OK  [0m] Listening on ACPID Listen Socket.
[[0;32m  OK  [0m] Listening on UUID daemon activation socket.
[[0;32m  OK  [0m] Started Daily Cleanup of Temporary Directories.
         Starting LXD - unix socket.
[[0;32m  OK  [0m] Listening on D-Bus System Message Bus Socket.
         Starting Socket activation for snappy daemon.
[[0;32m  OK  [0m] Started Daily apt upgrade and clean activities.
[[0;32m  OK  [0m] Reached target Timers.
[[0;32m  OK  [0m] Reached target Network is Online.
         Starting Availability of block devices...
[[0;32m  OK  [0m] Reached target Remote File Systems (Pre).
[[0;32m  OK  [0m] Reached target Remote File Systems.
[[0;32m  OK  [0m] Listening on LXD - unix socket.
[[0;32m  OK  [0m] Listening on Socket activation for snappy daemon.
[[0;32m  OK  [0m] Started Availability of block devices.
[[0;32m  OK  [0m] Reached target Sockets.
[[0;32m  OK  [0m] Reached target Basic System.
         Starting LSB: Record successful boot for GRUB...
         Starting Accounts Service...
         Starting Message of the Day...
         Starting Virtualbox guest utils...
         Starting System Logging Service...
[[0;32m  OK  [0m] Started D-Bus System Message Bus.
[[0;32m  OK  [0m] Started FUSE filesystem for LXC.
         Starting Dispatcher daemon for systemd-networkd...
         Starting LSB: automatic crash report generation...
[[0;32m  OK  [0m] Started Deferred execution scheduler.
[[0;32m  OK  [0m] Started irqbalance daemon.
         Starting Snappy daemon...
         Starting Permit User Sessions...
         Starting Login Service...
         Starting OpenBSD Secure Shell server...
[[0;32m  OK  [0m] Started Regular background program processing daemon.
         Starting LXD - container startup/shutdown...
[[0;32m  OK  [0m] Started System Logging Service.
[[0;32m  OK  [0m] Started Permit User Sessions.
[[0;32m  OK  [0m] Started Login Service.
[[0;32m  OK  [0m] Started Unattended Upgrades Shutdown.
         Starting Authorization Manager...
         Starting Terminate Plymouth Boot Screen...
         Starting Hold until boot process finishes up...
[[0;32m  OK  [0m] Started Terminate Plymouth Boot Screen.
[[0;32m  OK  [0m] Started Hold until boot process finishes up.
[[0;32m  OK  [0m] Started Serial Getty on ttyS0.
         Starting Set console scheme...
[[0;32m  OK  [0m] Started Set console scheme.
[[0;32m  OK  [0m] Started LSB: automatic crash report generation.
[[0;32m  OK  [0m] Created slice system-getty.slice.
[[0;32m  OK  [0m] Started Getty on tty1.
[[0;32m  OK  [0m] Reached target Login Prompts.
[[0;32m  OK  [0m] Started LSB: Record successful boot for GRUB.

Ubuntu 18.04.3 LTS ubuntu-bionic ttyS0

ubuntu-bionic login: [   56.941913] cloud-init[1348]: Cloud-init v. 19.2-36-g059d049c-0ubuntu2~18.04.1 running 'modules:config' at Sat, 30 Nov 2019 19:58:20 +0000. Up 56.04 seconds.
[   58.250079] cloud-init[1450]: Cloud-init v. 19.2-36-g059d049c-0ubuntu2~18.04.1 running 'modules:final' at Sat, 30 Nov 2019 19:58:21 +0000. Up 57.54 seconds.
[   58.250498] cloud-init[1450]: Cloud-init v. 19.2-36-g059d049c-0ubuntu2~18.04.1 finished at Sat, 30 Nov 2019 19:58:22 +0000. Datasource DataSourceNoCloud [seed=/dev/sdb][dsmode=net].  Up 58.23 seconds
